<?xml version="1.0" encoding="UTF-8"?>
<!-- Generated by org.testng.reporters.JUnitReportReporter -->
<testsuite hostname="DESKTOP-2F2EII0" failures="0" tests="1" name="com.amazonTests.loginTests" time="6.125" errors="0" timestamp="2022-06-05T11:36:06 EDT" skipped="0">
  <testcase classname="com.amazonTests.loginTests" name="login" time="6.125"/>
  <system-out/>
</testsuite> <!-- com.amazonTests.loginTests -->
