<?xml version="1.0" encoding="UTF-8"?>
<!-- Generated by org.testng.reporters.JUnitReportReporter -->
<testsuite hostname="DESKTOP-2F2EII0" failures="0" tests="1" name="com.amazonTests.searchTests" time="9.012" errors="0" timestamp="2022-06-05T11:44:25 EDT" skipped="0">
  <testcase classname="com.amazonTests.searchTests" name="seachItem" time="9.012"/>
  <system-out/>
</testsuite> <!-- com.amazonTests.searchTests -->
